<?xml version="1.0" encoding="UTF-8"?>
<coverage generated="1738464415759" clover="3.2.0">
  <project timestamp="1738464415759" name="All files">
    <metrics statements="49" coveredstatements="40" conditionals="7" coveredconditionals="6" methods="6" coveredmethods="5" elements="62" coveredelements="51" complexity="0" loc="49" ncloc="49" packages="2" files="4" classes="4"/>
    <package name="src">
      <metrics statements="39" coveredstatements="30" conditionals="4" coveredconditionals="3" methods="3" coveredmethods="2"/>
      <file name="App.tsx" path="C:\Users\Lenovo\Desktop\testing-app\src\App.tsx">
        <metrics statements="30" coveredstatements="30" conditionals="3" coveredconditionals="3" methods="2" coveredmethods="2"/>
        <line num="1" count="1" type="stmt"/>
        <line num="2" count="1" type="stmt"/>
        <line num="3" count="1" type="stmt"/>
        <line num="4" count="1" type="stmt"/>
        <line num="6" count="5" type="cond" truecount="1" falsecount="0"/>
        <line num="7" count="5" type="stmt"/>
        <line num="9" count="5" type="stmt"/>
        <line num="10" count="5" type="stmt"/>
        <line num="11" count="5" type="stmt"/>
        <line num="12" count="5" type="stmt"/>
        <line num="13" count="5" type="stmt"/>
        <line num="14" count="5" type="stmt"/>
        <line num="15" count="5" type="stmt"/>
        <line num="16" count="5" type="stmt"/>
        <line num="17" count="5" type="stmt"/>
        <line num="18" count="5" type="stmt"/>
        <line num="19" count="5" type="stmt"/>
        <line num="20" count="5" type="stmt"/>
        <line num="21" count="5" type="cond" truecount="2" falsecount="0"/>
        <line num="22" count="5" type="stmt"/>
        <line num="23" count="5" type="stmt"/>
        <line num="24" count="5" type="stmt"/>
        <line num="25" count="5" type="stmt"/>
        <line num="26" count="5" type="stmt"/>
        <line num="27" count="5" type="stmt"/>
        <line num="28" count="5" type="stmt"/>
        <line num="30" count="5" type="stmt"/>
        <line num="31" count="5" type="stmt"/>
        <line num="33" count="5" type="stmt"/>
        <line num="35" count="1" type="stmt"/>
      </file>
      <file name="main.tsx" path="C:\Users\Lenovo\Desktop\testing-app\src\main.tsx">
        <metrics statements="9" coveredstatements="0" conditionals="1" coveredconditionals="0" methods="1" coveredmethods="0"/>
        <line num="1" count="0" type="cond" truecount="0" falsecount="1"/>
        <line num="2" count="0" type="stmt"/>
        <line num="3" count="0" type="stmt"/>
        <line num="4" count="0" type="stmt"/>
        <line num="6" count="0" type="stmt"/>
        <line num="7" count="0" type="stmt"/>
        <line num="8" count="0" type="stmt"/>
        <line num="9" count="0" type="stmt"/>
        <line num="10" count="0" type="stmt"/>
      </file>
    </package>
    <package name="src.js">
      <metrics statements="10" coveredstatements="10" conditionals="3" coveredconditionals="3" methods="3" coveredmethods="3"/>
      <file name="division.js" path="C:\Users\Lenovo\Desktop\testing-app\src\js\division.js">
        <metrics statements="3" coveredstatements="3" conditionals="1" coveredconditionals="1" methods="1" coveredmethods="1"/>
        <line num="1" count="1" type="cond" truecount="1" falsecount="0"/>
        <line num="2" count="1" type="stmt"/>
        <line num="3" count="1" type="stmt"/>
      </file>
      <file name="sum.js" path="C:\Users\Lenovo\Desktop\testing-app\src\js\sum.js">
        <metrics statements="7" coveredstatements="7" conditionals="2" coveredconditionals="2" methods="2" coveredmethods="2"/>
        <line num="1" count="1" type="cond" truecount="1" falsecount="0"/>
        <line num="2" count="4" type="stmt"/>
        <line num="3" count="4" type="stmt"/>
        <line num="4" count="1" type="stmt"/>
        <line num="5" count="1" type="cond" truecount="1" falsecount="0"/>
        <line num="6" count="1" type="stmt"/>
        <line num="7" count="1" type="stmt"/>
      </file>
    </package>
  </project>
</coverage>
